<?xml version="1.0" encoding="UTF-8"?>
<testsuites name="Testing Suite For Jenkins" time="18" tests="1" failures="0" errors="0">
   <testsuite name="Testing Suite For Jenkins" tests="1" failures="0" errors="0" time="18" timestamp="2019-05-02 21:09:56" hostname="BappY - Toruk-Macto" id="Test Suites/Testing Suite For Jenkins">
      <properties>
         <property name="deviceName" value=""/>
         <property name="devicePlatform" value=""/>
         <property name="logFolder" value="C:\\Users\\BappY\\Katalon Studio\\TestFolder\\TestInManualMmode\\Reports\\Testing Suite For Jenkins\\20190502_210954"/>
         <property name="logFiles" value="C:\\Users\\BappY\\Katalon Studio\\TestFolder\\TestInManualMmode\\Reports\\Testing Suite For Jenkins\\20190502_210954\\execution0.log"/>
         <property name="attachments" value=""/>
         <property name="hostName" value="BappY - Toruk-Macto"/>
         <property name="os" value="Windows 10 64bit"/>
         <property name="katalonVersion" value="6.0.4.7"/>
         <property name="browser" value="Chrome 73.0.3683.103"/>
         <property name="hostAddress" value="10.244.50.2"/>
         <property name="sessionId" value="16d2cc1127ce0a8a32195356458271c9"/>
         <property name="seleniumVersion" value="3.7.1"/>
         <property name="proxyInformation" value="ProxyInformation{proxyOption=NO_PROXY, proxyServerType=HTTP, password=, proxyServerAddress=, proxyServerPort=0}"/>
         <property name="platform" value="Windows 10"/>
      </properties>
      <testcase name="Test Cases/Fake Sample" classname="Test Cases/Fake Sample" status="PASSED">
         <system-out><![CDATA[2019-05-02 21:09:57 - [TEST_CASE][PASSED] - Test Cases/Fake Sample: Test Cases/Fake Sample

2019-05-02 21:09:57 - [TEST_STEP][PASSED] - openBrowser("https://goldgrizzly.com/", STOP_ON_FAILURE): Browser is opened with url: 'https://goldgrizzly.com/'

2019-05-02 21:09:58 - [MESSAGE][INFO] - Starting 'Chrome' driver

2019-05-02 21:09:58 - [MESSAGE][INFO] - Action delay is set to 0 seconds

2019-05-02 21:10:14 - [MESSAGE][PASSED] - Browser is opened with url: 'https://goldgrizzly.com/'

2019-05-02 21:10:14 - [TEST_STEP][PASSED] - closeBrowser(): Browser is closed

2019-05-02 21:10:15 - [MESSAGE][PASSED] - Browser is closed]]></system-out>
         <system-err><![CDATA[]]></system-err>
      </testcase>
      <system-out><![CDATA[2019-05-02 21:09:56 - [TEST_SUITE][PASSED] - Testing Suite For Jenkins: Test Cases/Fake Sample]]></system-out>
      <system-err><![CDATA[]]></system-err>
   </testsuite>
</testsuites>
